<?xml version="1.0" encoding="UTF-8"?>
<testng-results ignored="0" total="1" passed="1" failed="0" skipped="0">
  <reporter-output>
  </reporter-output>
  <suite started-at="2025-11-02T21:08:15 IST" name="Default suite" finished-at="2025-11-02T21:08:15 IST" duration-ms="93">
    <groups>
    </groups>
    <test started-at="2025-11-02T21:08:15 IST" name="Default test" finished-at="2025-11-02T21:08:15 IST" duration-ms="93">
      <class name="seleniumBasics.TestngAnnotation">
        <test-method is-config="true" signature="beforeSuite()[pri:0, instance:seleniumBasics.TestngAnnotation@2b71e916]" started-at="2025-11-02T21:08:15 IST" name="beforeSuite" finished-at="2025-11-02T21:08:15 IST" duration-ms="16" status="PASS">
          <reporter-output>
          </reporter-output>
        </test-method> <!-- beforeSuite -->
        <test-method is-config="true" signature="beforeTest()[pri:0, instance:seleniumBasics.TestngAnnotation@2b71e916]" started-at="2025-11-02T21:08:15 IST" name="beforeTest" finished-at="2025-11-02T21:08:15 IST" duration-ms="2" status="PASS">
          <reporter-output>
          </reporter-output>
        </test-method> <!-- beforeTest -->
        <test-method is-config="true" signature="beforeClass()[pri:0, instance:seleniumBasics.TestngAnnotation@2b71e916]" started-at="2025-11-02T21:08:15 IST" name="beforeClass" finished-at="2025-11-02T21:08:15 IST" duration-ms="2" status="PASS">
          <reporter-output>
          </reporter-output>
        </test-method> <!-- beforeClass -->
        <test-method is-config="true" signature="beforeMethod()[pri:0, instance:seleniumBasics.TestngAnnotation@2b71e916]" started-at="2025-11-02T21:08:15 IST" name="beforeMethod" finished-at="2025-11-02T21:08:15 IST" duration-ms="7" status="PASS">
          <reporter-output>
          </reporter-output>
        </test-method> <!-- beforeMethod -->
        <test-method signature="test()[pri:0, instance:seleniumBasics.TestngAnnotation@2b71e916]" started-at="2025-11-02T21:08:15 IST" name="test" finished-at="2025-11-02T21:08:15 IST" duration-ms="11" status="PASS">
          <reporter-output>
          </reporter-output>
        </test-method> <!-- test -->
        <test-method is-config="true" signature="afterMethod()[pri:0, instance:seleniumBasics.TestngAnnotation@2b71e916]" started-at="2025-11-02T21:08:15 IST" name="afterMethod" finished-at="2025-11-02T21:08:15 IST" duration-ms="0" status="PASS">
          <reporter-output>
          </reporter-output>
        </test-method> <!-- afterMethod -->
        <test-method is-config="true" signature="afterClass()[pri:0, instance:seleniumBasics.TestngAnnotation@2b71e916]" started-at="2025-11-02T21:08:15 IST" name="afterClass" finished-at="2025-11-02T21:08:15 IST" duration-ms="2" status="PASS">
          <reporter-output>
          </reporter-output>
        </test-method> <!-- afterClass -->
        <test-method is-config="true" signature="afterTest()[pri:0, instance:seleniumBasics.TestngAnnotation@2b71e916]" started-at="2025-11-02T21:08:15 IST" name="afterTest" finished-at="2025-11-02T21:08:15 IST" duration-ms="1" status="PASS">
          <reporter-output>
          </reporter-output>
        </test-method> <!-- afterTest -->
      </class> <!-- seleniumBasics.TestngAnnotation -->
    </test> <!-- Default test -->
  </suite> <!-- Default suite -->
</testng-results>
